app/build/intermediates/manifest_merge_blame_file/debug/manifest-merger-blame-debug-report.txt
1<?xml version="1.0" encoding="utf-8"?>
2<manifest xmlns:android="http://schemas.android.com/apk/res/android"
3    package="com.samples"
4    android:versionCode="1"
5    android:versionName="1.0" >
6
7    <uses-sdk
8        android:minSdkVersion="16"
8-->src/main/AndroidManifest.xml
9        android:targetSdkVersion="25" />
9-->src/main/AndroidManifest.xml
10
11    <uses-permission android:name="android.permission.INTERNET" />
11-->src/main/AndroidManifest.xml:5:5-67
11-->src/main/AndroidManifest.xml:5:22-64
12
13    <application
13-->src/main/AndroidManifest.xml:7:5-41:19
14        android:allowBackup="true"
14-->src/main/AndroidManifest.xml:8:9-35
15        android:appComponentFactory="android.support.v4.app.CoreComponentFactory"
15-->[com.android.support:support-compat:28.0.0] AndroidManifest.xml:22:18-91
16        android:debuggable="true"
17        android:icon="@mipmap/ic_launcher"
17-->src/main/AndroidManifest.xml:9:9-43
18        android:label="@string/app_name"
18-->src/main/AndroidManifest.xml:10:9-41
19        android:roundIcon="@mipmap/ic_launcher_round"
19-->src/main/AndroidManifest.xml:11:9-54
20        android:supportsRtl="true"
20-->src/main/AndroidManifest.xml:12:9-35
21        android:testOnly="true"
22        android:theme="@style/AppTheme" >
22-->src/main/AndroidManifest.xml:13:9-40
23        <activity android:name="com.samples.services.MainActivity" >
23-->src/main/AndroidManifest.xml:14:9-20:20
23-->src/main/AndroidManifest.xml:14:19-56
24            <intent-filter>
24-->src/main/AndroidManifest.xml:15:13-19:29
25                <action android:name="android.intent.action.MAIN" />
25-->src/main/AndroidManifest.xml:16:17-69
25-->src/main/AndroidManifest.xml:16:25-66
26
27                <category android:name="android.intent.category.LAUNCHER" />
27-->src/main/AndroidManifest.xml:18:17-77
27-->src/main/AndroidManifest.xml:18:27-74
28            </intent-filter>
29        </activity>
30        <activity
30-->src/main/AndroidManifest.xml:21:9-23:45
31            android:name="com.samples.services.BoundedActivity"
31-->src/main/AndroidManifest.xml:22:13-53
32            android:label="Bound Service" />
32-->src/main/AndroidManifest.xml:23:13-42
33        <activity
33-->src/main/AndroidManifest.xml:24:9-26:47
34            android:name="com.samples.services.UnBoundedActivity"
34-->src/main/AndroidManifest.xml:25:13-55
35            android:label="UnBound Service" />
35-->src/main/AndroidManifest.xml:26:13-44
36
37        <service
37-->src/main/AndroidManifest.xml:28:9-30:38
38            android:name="com.samples.services.UnBoundService"
38-->src/main/AndroidManifest.xml:29:13-52
39            android:enabled="true" />
39-->src/main/AndroidManifest.xml:30:13-35
40        <service
40-->src/main/AndroidManifest.xml:31:9-33:38
41            android:name="com.samples.services.BoundService"
41-->src/main/AndroidManifest.xml:32:13-50
42            android:enabled="true" />
42-->src/main/AndroidManifest.xml:33:13-35
43
44        <activity android:name="com.samples.services.intentService.IntentServiceActivity" />
44-->src/main/AndroidManifest.xml:35:9-82
44-->src/main/AndroidManifest.xml:35:19-79
45
46        <service android:name="com.samples.services.intentService.DownloadService" />
46-->src/main/AndroidManifest.xml:36:9-75
46-->src/main/AndroidManifest.xml:36:18-72
47
48        <activity android:name="com.samples.services.foreground.ForegroundActivity" />
48-->src/main/AndroidManifest.xml:39:9-75
48-->src/main/AndroidManifest.xml:39:19-73
49
50        <service android:name="com.samples.services.foreground.ForegroundService" />
50-->src/main/AndroidManifest.xml:40:9-74
50-->src/main/AndroidManifest.xml:40:18-71
51    </application>
52
53</manifest>